Traceback (most recent call last):
  File "/usr/local/bin/daphne", line 8, in <module>
    sys.exit(CommandLineInterface.entrypoint())
  File "/usr/local/lib/python3.10/dist-packages/daphne/cli.py", line 171, in entrypoint
    cls().run(sys.argv[1:])
  File "/usr/local/lib/python3.10/dist-packages/daphne/cli.py", line 233, in run
    application = import_by_path(args.application)
  File "/usr/local/lib/python3.10/dist-packages/daphne/utils.py", line 17, in import_by_path
    target = importlib.import_module(module_path)
  File "/usr/lib/python3.10/importlib/__init__.py", line 126, in import_module
    return _bootstrap._gcd_import(name[level:], package, level)
  File "<frozen importlib._bootstrap>", line 1050, in _gcd_import
  File "<frozen importlib._bootstrap>", line 1027, in _find_and_load
  File "<frozen importlib._bootstrap>", line 992, in _find_and_load_unlocked
  File "<frozen importlib._bootstrap>", line 241, in _call_with_frames_removed
  File "<frozen importlib._bootstrap>", line 1050, in _gcd_import
  File "<frozen importlib._bootstrap>", line 1027, in _find_and_load
  File "<frozen importlib._bootstrap>", line 1004, in _find_and_load_unlocked
ModuleNotFoundError: No module named 'myproject'
Traceback (most recent call last):
  File "/usr/local/bin/daphne", line 8, in <module>
    sys.exit(CommandLineInterface.entrypoint())
  File "/usr/local/lib/python3.10/dist-packages/daphne/cli.py", line 171, in entrypoint
    cls().run(sys.argv[1:])
  File "/usr/local/lib/python3.10/dist-packages/daphne/cli.py", line 233, in run
    application = import_by_path(args.application)
  File "/usr/local/lib/python3.10/dist-packages/daphne/utils.py", line 17, in import_by_path
    target = importlib.import_module(module_path)
  File "/usr/lib/python3.10/importlib/__init__.py", line 126, in import_module
    return _bootstrap._gcd_import(name[level:], package, level)
  File "<frozen importlib._bootstrap>", line 1050, in _gcd_import
  File "<frozen importlib._bootstrap>", line 1027, in _find_and_load
  File "<frozen importlib._bootstrap>", line 992, in _find_and_load_unlocked
  File "<frozen importlib._bootstrap>", line 241, in _call_with_frames_removed
  File "<frozen importlib._bootstrap>", line 1050, in _gcd_import
  File "<frozen importlib._bootstrap>", line 1027, in _find_and_load
  File "<frozen importlib._bootstrap>", line 1004, in _find_and_load_unlocked
ModuleNotFoundError: No module named 'myproject'
